Build started 27/07/2011 14:45:11.
     1>Project "C:\DEVEL\ARPE_DEVEL\lib\SRC\ARvrml\libarvrml.vcxproj" on node 2 (build target(s)).
     1>InitializeBuildStatus:
         Creating "Debug\libarvrml.unsuccessfulbuild" because "AlwaysCreate" was specified.
       ClCompile:
         C:\Program Files\Microsoft Visual Studio 10.0\VC\bin\CL.exe /c /IC:\DEVEL\ARPE_DEVEL\lib\SRC\ARvrml\..\..\..\include /IC:\DEVEL\ARPE_DEVEL\lib\SRC\ARvrml\..\..\..\OpenVRML\include /IC:\DEVEL\ARPE_DEVEL\lib\SRC\ARvrml\..\..\..\OpenVRML\dependencies\include /Zi /nologo /W3 /WX- /Od /Oy- /D WIN32 /D _DEBUG /D _LIB /D S /D OPENVRML_ENABLE_IMAGETEXTURE_NODE /D OPENVRML_ENABLE_GZIP /D _MBCS /Gm- /EHsc /RTC1 /MDd /GS /fp:precise /Zc:wchar_t /Zc:forScope /Fo"Debug\\" /Fd"Debug\vc100.pdb" /Gd /TP /wd4099 /wd4290 /wd4800 /analyze- /errorReport:prompt arViewer.cpp arViewerCapi.cpp
         arViewer.cpp
         arViewerCapi.cpp
     1>arViewerCapi.cpp(44): warning C4996: 'fopen': This function or variable may be unsafe. Consider using fopen_s instead. To disable deprecation, use _CRT_SECURE_NO_WARNINGS. See online help for details.
                 C:\Program Files\Microsoft Visual Studio 10.0\VC\include\stdio.h(234) : see declaration of 'fopen'
     1>arViewerCapi.cpp(47): warning C4996: 'sscanf': This function or variable may be unsafe. Consider using sscanf_s instead. To disable deprecation, use _CRT_SECURE_NO_WARNINGS. See online help for details.
                 C:\Program Files\Microsoft Visual Studio 10.0\VC\include\stdio.h(325) : see declaration of 'sscanf'
     1>arViewerCapi.cpp(53): warning C4996: 'sprintf': This function or variable may be unsafe. Consider using sprintf_s instead. To disable deprecation, use _CRT_SECURE_NO_WARNINGS. See online help for details.
                 C:\Program Files\Microsoft Visual Studio 10.0\VC\include\stdio.h(371) : see declaration of 'sprintf'
     1>arViewerCapi.cpp(69): warning C4996: 'strcpy': This function or variable may be unsafe. Consider using strcpy_s instead. To disable deprecation, use _CRT_SECURE_NO_WARNINGS. See online help for details.
                 C:\Program Files\Microsoft Visual Studio 10.0\VC\include\string.h(105) : see declaration of 'strcpy'
     1>arViewerCapi.cpp(73): warning C4996: 'sscanf': This function or variable may be unsafe. Consider using sscanf_s instead. To disable deprecation, use _CRT_SECURE_NO_WARNINGS. See online help for details.
                 C:\Program Files\Microsoft Visual Studio 10.0\VC\include\stdio.h(325) : see declaration of 'sscanf'
     1>arViewerCapi.cpp(82): warning C4996: 'sscanf': This function or variable may be unsafe. Consider using sscanf_s instead. To disable deprecation, use _CRT_SECURE_NO_WARNINGS. See online help for details.
                 C:\Program Files\Microsoft Visual Studio 10.0\VC\include\stdio.h(325) : see declaration of 'sscanf'
     1>arViewerCapi.cpp(91): warning C4996: 'sscanf': This function or variable may be unsafe. Consider using sscanf_s instead. To disable deprecation, use _CRT_SECURE_NO_WARNINGS. See online help for details.
                 C:\Program Files\Microsoft Visual Studio 10.0\VC\include\stdio.h(325) : see declaration of 'sscanf'
     1>arViewerCapi.cpp(161): warning C4996: 'sscanf': This function or variable may be unsafe. Consider using sscanf_s instead. To disable deprecation, use _CRT_SECURE_NO_WARNINGS. See online help for details.
                 C:\Program Files\Microsoft Visual Studio 10.0\VC\include\stdio.h(325) : see declaration of 'sscanf'
         Generating Code...
     1>C:\Program Files\MSBuild\Microsoft.Cpp\v4.0\Microsoft.CppBuild.targets(1151,5): warning MSB8012: TargetPath(C:\DEVEL\ARPE_DEVEL\lib\SRC\ARvrml\Debug\libarvrml.lib) does not match the Library's OutputFile property value (C:\DEVEL\ARPE_DEVEL\lib\libarvrmld.lib). This may cause your project to build incorrectly. To correct this, please make sure that $(OutDir), $(TargetName) and $(TargetExt) property values match the value specified in %(Lib.OutputFile).
     1>C:\Program Files\MSBuild\Microsoft.Cpp\v4.0\Microsoft.CppBuild.targets(1153,5): warning MSB8012: TargetName(libarvrml) does not match the Library's OutputFile property value (libarvrmld). This may cause your project to build incorrectly. To correct this, please make sure that $(OutDir), $(TargetName) and $(TargetExt) property values match the value specified in %(Lib.OutputFile).
       Lib:
         C:\Program Files\Microsoft Visual Studio 10.0\VC\bin\Lib.exe /OUT:"C:\DEVEL\ARPE_DEVEL\lib\SRC\ARvrml\..\..\libarvrmld.lib" /NOLOGO Debug\arViewer.obj
         Debug\arViewerCapi.obj
         libarvrml.vcxproj -> C:\DEVEL\ARPE_DEVEL\lib\SRC\ARvrml\Debug\libarvrml.lib
       FinalizeBuildStatus:
         Deleting file "Debug\libarvrml.unsuccessfulbuild".
         Touching "Debug\libarvrml.lastbuildstate".
     1>Done Building Project "C:\DEVEL\ARPE_DEVEL\lib\SRC\ARvrml\libarvrml.vcxproj" (build target(s)).

Build succeeded.

Time Elapsed 00:00:02.68
