Build started 23/11/2012 17:42:57.
     1>Project "H:\AR\basAR\DEVEL_basAR1\lib\SRC\ARMulti\libARMulti.vcxproj" on node 2 (build target(s)).
     1>InitializeBuildStatus:
         Creating "Release\libARMulti.unsuccessfulbuild" because "AlwaysCreate" was specified.
       ClCompile:
         c:\Program Files (x86)\Microsoft Visual Studio 10.0\VC\bin\CL.exe /c /IH:\AR\basAR\DEVEL_basAR1\lib\SRC\ARMulti\../../../include /Zi /nologo /W1 /WX- /O2 /Oy- /D WIN32 /D NDEBUG /Gm- /EHsc /MT /GS /fp:precise /Zc:wchar_t /Zc:forScope /Fo"Release\\" /Fd"Release\vc100.pdb" /Gd /TC /analyze- /errorReport:prompt arMultiActivate.c arMultiGetTransMat.c arMultiReadConfigFile.c
         arMultiActivate.c
         arMultiGetTransMat.c
         arMultiReadConfigFile.c
         Generating Code...
     1>C:\Program Files (x86)\MSBuild\Microsoft.Cpp\v4.0\Microsoft.CppBuild.targets(1151,5): warning MSB8012: TargetPath(H:\AR\basAR\DEVEL_basAR1\lib\SRC\ARMulti\Release\libARMulti.lib) does not match the Library's OutputFile property value (H:\AR\basAR\DEVEL_basAR1\lib\libARMulti.lib). This may cause your project to build incorrectly. To correct this, please make sure that $(OutDir), $(TargetName) and $(TargetExt) property values match the value specified in %(Lib.OutputFile).
       Lib:
         c:\Program Files (x86)\Microsoft Visual Studio 10.0\VC\bin\Lib.exe /OUT:"H:\AR\basAR\DEVEL_basAR1\lib\SRC\ARMulti\..\..\libARMulti.lib" /NOLOGO Release\arMultiActivate.obj
         Release\arMultiGetTransMat.obj
         Release\arMultiReadConfigFile.obj
         libARMulti.vcxproj -> H:\AR\basAR\DEVEL_basAR1\lib\SRC\ARMulti\Release\libARMulti.lib
       FinalizeBuildStatus:
         Deleting file "Release\libARMulti.unsuccessfulbuild".
         Touching "Release\libARMulti.lastbuildstate".
     1>Done Building Project "H:\AR\basAR\DEVEL_basAR1\lib\SRC\ARMulti\libARMulti.vcxproj" (build target(s)).

Build succeeded.

Time Elapsed 00:00:00.30
