C:\USERS\USUARIO 1\DOCUMENTS\DROPBOX\ARPE_DEVEL\LIB\LIBAR.LIB
C:\USERS\USUARIO 1\DOCUMENTS\DROPBOX\ARPE_DEVEL\LIB\SRC\AR\RELEASE\ARDETECTMARKER.OBJ
C:\USERS\USUARIO 1\DOCUMENTS\DROPBOX\ARPE_DEVEL\LIB\SRC\AR\RELEASE\ARDETECTMARKER2.OBJ
C:\USERS\USUARIO 1\DOCUMENTS\DROPBOX\ARPE_DEVEL\LIB\SRC\AR\RELEASE\ARGETCODE.OBJ
C:\USERS\USUARIO 1\DOCUMENTS\DROPBOX\ARPE_DEVEL\LIB\SRC\AR\RELEASE\ARGETMARKERINFO.OBJ
C:\USERS\USUARIO 1\DOCUMENTS\DROPBOX\ARPE_DEVEL\LIB\SRC\AR\RELEASE\ARGETTRANSMAT.OBJ
C:\USERS\USUARIO 1\DOCUMENTS\DROPBOX\ARPE_DEVEL\LIB\SRC\AR\RELEASE\ARGETTRANSMAT2.OBJ
C:\USERS\USUARIO 1\DOCUMENTS\DROPBOX\ARPE_DEVEL\LIB\SRC\AR\RELEASE\ARGETTRANSMAT3.OBJ
C:\USERS\USUARIO 1\DOCUMENTS\DROPBOX\ARPE_DEVEL\LIB\SRC\AR\RELEASE\ARGETTRANSMATCONT.OBJ
C:\USERS\USUARIO 1\DOCUMENTS\DROPBOX\ARPE_DEVEL\LIB\SRC\AR\RELEASE\ARLABELING.OBJ
C:\USERS\USUARIO 1\DOCUMENTS\DROPBOX\ARPE_DEVEL\LIB\SRC\AR\RELEASE\ARUTIL.OBJ
C:\Users\Usuario 1\Documents\Dropbox\ARPE_DEVEL\lib\SRC\AR\Release\cl.command.1.tlog
C:\Users\Usuario 1\Documents\Dropbox\ARPE_DEVEL\lib\SRC\AR\Release\CL.read.1.tlog
C:\Users\Usuario 1\Documents\Dropbox\ARPE_DEVEL\lib\SRC\AR\Release\CL.write.1.tlog
C:\Users\Usuario 1\Documents\Dropbox\ARPE_DEVEL\lib\SRC\AR\Release\lib.command.1.tlog
C:\Users\Usuario 1\Documents\Dropbox\ARPE_DEVEL\lib\SRC\AR\Release\Lib-link.read.1.tlog
C:\Users\Usuario 1\Documents\Dropbox\ARPE_DEVEL\lib\SRC\AR\Release\Lib-link.write.1.tlog
C:\USERS\USUARIO 1\DOCUMENTS\DROPBOX\ARPE_DEVEL\LIB\SRC\AR\RELEASE\MALLOC.OBJ
C:\USERS\USUARIO 1\DOCUMENTS\DROPBOX\ARPE_DEVEL\LIB\SRC\AR\RELEASE\MALLOCDUP.OBJ
C:\USERS\USUARIO 1\DOCUMENTS\DROPBOX\ARPE_DEVEL\LIB\SRC\AR\RELEASE\MALLOCINV.OBJ
C:\USERS\USUARIO 1\DOCUMENTS\DROPBOX\ARPE_DEVEL\LIB\SRC\AR\RELEASE\MALLOCMUL.OBJ
C:\USERS\USUARIO 1\DOCUMENTS\DROPBOX\ARPE_DEVEL\LIB\SRC\AR\RELEASE\MALLOCTRANS.OBJ
C:\USERS\USUARIO 1\DOCUMENTS\DROPBOX\ARPE_DEVEL\LIB\SRC\AR\RELEASE\MALLOCUNIT.OBJ
C:\USERS\USUARIO 1\DOCUMENTS\DROPBOX\ARPE_DEVEL\LIB\SRC\AR\RELEASE\MDET.OBJ
C:\USERS\USUARIO 1\DOCUMENTS\DROPBOX\ARPE_DEVEL\LIB\SRC\AR\RELEASE\MDISP.OBJ
C:\USERS\USUARIO 1\DOCUMENTS\DROPBOX\ARPE_DEVEL\LIB\SRC\AR\RELEASE\MDUP.OBJ
C:\USERS\USUARIO 1\DOCUMENTS\DROPBOX\ARPE_DEVEL\LIB\SRC\AR\RELEASE\MFREE.OBJ
C:\USERS\USUARIO 1\DOCUMENTS\DROPBOX\ARPE_DEVEL\LIB\SRC\AR\RELEASE\MINV.OBJ
C:\USERS\USUARIO 1\DOCUMENTS\DROPBOX\ARPE_DEVEL\LIB\SRC\AR\RELEASE\MMUL.OBJ
C:\USERS\USUARIO 1\DOCUMENTS\DROPBOX\ARPE_DEVEL\LIB\SRC\AR\RELEASE\MPCA.OBJ
C:\USERS\USUARIO 1\DOCUMENTS\DROPBOX\ARPE_DEVEL\LIB\SRC\AR\RELEASE\MSELFINV.OBJ
C:\USERS\USUARIO 1\DOCUMENTS\DROPBOX\ARPE_DEVEL\LIB\SRC\AR\RELEASE\MTRANS.OBJ
C:\USERS\USUARIO 1\DOCUMENTS\DROPBOX\ARPE_DEVEL\LIB\SRC\AR\RELEASE\MUNIT.OBJ
C:\USERS\USUARIO 1\DOCUMENTS\DROPBOX\ARPE_DEVEL\LIB\SRC\AR\RELEASE\PARAMCHANGESIZE.OBJ
C:\USERS\USUARIO 1\DOCUMENTS\DROPBOX\ARPE_DEVEL\LIB\SRC\AR\RELEASE\PARAMDECOMP.OBJ
C:\USERS\USUARIO 1\DOCUMENTS\DROPBOX\ARPE_DEVEL\LIB\SRC\AR\RELEASE\PARAMDISP.OBJ
C:\USERS\USUARIO 1\DOCUMENTS\DROPBOX\ARPE_DEVEL\LIB\SRC\AR\RELEASE\PARAMDISTORTION.OBJ
C:\USERS\USUARIO 1\DOCUMENTS\DROPBOX\ARPE_DEVEL\LIB\SRC\AR\RELEASE\PARAMFILE.OBJ
C:\USERS\USUARIO 1\DOCUMENTS\DROPBOX\ARPE_DEVEL\LIB\SRC\AR\RELEASE\PARAMGET.OBJ
C:\USERS\USUARIO 1\DOCUMENTS\DROPBOX\ARPE_DEVEL\LIB\SRC\AR\RELEASE\VALLOC.OBJ
C:\USERS\USUARIO 1\DOCUMENTS\DROPBOX\ARPE_DEVEL\LIB\SRC\AR\RELEASE\VC100.PDB
C:\USERS\USUARIO 1\DOCUMENTS\DROPBOX\ARPE_DEVEL\LIB\SRC\AR\RELEASE\VDISP.OBJ
C:\USERS\USUARIO 1\DOCUMENTS\DROPBOX\ARPE_DEVEL\LIB\SRC\AR\RELEASE\VFREE.OBJ
C:\USERS\USUARIO 1\DOCUMENTS\DROPBOX\ARPE_DEVEL\LIB\SRC\AR\RELEASE\VHOUSE.OBJ
C:\USERS\USUARIO 1\DOCUMENTS\DROPBOX\ARPE_DEVEL\LIB\SRC\AR\RELEASE\VINNERP.OBJ
C:\USERS\USUARIO 1\DOCUMENTS\DROPBOX\ARPE_DEVEL\LIB\SRC\AR\RELEASE\VTRIDIAG.OBJ
