C:\USERS\USUARIO 1\DOCUMENTS\DROPBOX\ARPE_DEVEL\BIN\SIMPLEVRML.EXE
C:\USERS\USUARIO 1\DOCUMENTS\DROPBOX\ARPE_DEVEL\EXAMPLES\SIMPLEVRML\RELEASE\ACTION.OBJ
C:\USERS\USUARIO 1\DOCUMENTS\DROPBOX\ARPE_DEVEL\EXAMPLES\SIMPLEVRML\RELEASE\ACTUATOR.OBJ
C:\USERS\USUARIO 1\DOCUMENTS\DROPBOX\ARPE_DEVEL\EXAMPLES\SIMPLEVRML\RELEASE\ACTUATORARTKSM.OBJ
C:\USERS\USUARIO 1\DOCUMENTS\DROPBOX\ARPE_DEVEL\EXAMPLES\SIMPLEVRML\RELEASE\ARPE.OBJ
C:\USERS\USUARIO 1\DOCUMENTS\DROPBOX\ARPE_DEVEL\EXAMPLES\SIMPLEVRML\RELEASE\AUDIOARPE.OBJ
C:\USERS\USUARIO 1\DOCUMENTS\DROPBOX\ARPE_DEVEL\EXAMPLES\SIMPLEVRML\RELEASE\BALL.OBJ
C:\USERS\USUARIO 1\DOCUMENTS\DROPBOX\ARPE_DEVEL\EXAMPLES\SIMPLEVRML\RELEASE\BASE.OBJ
C:\Users\Usuario 1\Documents\Dropbox\ARPE_DEVEL\examples\simpleVRML\Release\cl.command.1.tlog
C:\Users\Usuario 1\Documents\Dropbox\ARPE_DEVEL\examples\simpleVRML\Release\CL.read.1.tlog
C:\Users\Usuario 1\Documents\Dropbox\ARPE_DEVEL\examples\simpleVRML\Release\CL.write.1.tlog
C:\USERS\USUARIO 1\DOCUMENTS\DROPBOX\ARPE_DEVEL\EXAMPLES\SIMPLEVRML\RELEASE\GAME.OBJ
C:\USERS\USUARIO 1\DOCUMENTS\DROPBOX\ARPE_DEVEL\EXAMPLES\SIMPLEVRML\RELEASE\GENERICITENS.OBJ
C:\USERS\USUARIO 1\DOCUMENTS\DROPBOX\ARPE_DEVEL\EXAMPLES\SIMPLEVRML\RELEASE\INFRAARTKSM.OBJ
C:\USERS\USUARIO 1\DOCUMENTS\DROPBOX\ARPE_DEVEL\EXAMPLES\SIMPLEVRML\RELEASE\INFRASOURCE.OBJ
C:\USERS\USUARIO 1\DOCUMENTS\DROPBOX\ARPE_DEVEL\EXAMPLES\SIMPLEVRML\RELEASE\INFRASTRUCTURE.OBJ
C:\USERS\USUARIO 1\DOCUMENTS\DROPBOX\ARPE_DEVEL\EXAMPLES\SIMPLEVRML\RELEASE\IOBJECT3D.OBJ
C:\USERS\USUARIO 1\DOCUMENTS\DROPBOX\ARPE_DEVEL\EXAMPLES\SIMPLEVRML\RELEASE\IPACTION.OBJ
C:\USERS\USUARIO 1\DOCUMENTS\DROPBOX\ARPE_DEVEL\EXAMPLES\SIMPLEVRML\RELEASE\IPDIST.OBJ
C:\USERS\USUARIO 1\DOCUMENTS\DROPBOX\ARPE_DEVEL\EXAMPLES\SIMPLEVRML\RELEASE\IPOBJECT.OBJ
C:\USERS\USUARIO 1\DOCUMENTS\DROPBOX\ARPE_DEVEL\EXAMPLES\SIMPLEVRML\RELEASE\IPOINT.OBJ
C:\USERS\USUARIO 1\DOCUMENTS\DROPBOX\ARPE_DEVEL\EXAMPLES\SIMPLEVRML\RELEASE\IPPOSITION.OBJ
C:\USERS\USUARIO 1\DOCUMENTS\DROPBOX\ARPE_DEVEL\EXAMPLES\SIMPLEVRML\RELEASE\ISTATUS.OBJ
C:\USERS\USUARIO 1\DOCUMENTS\DROPBOX\ARPE_DEVEL\EXAMPLES\SIMPLEVRML\RELEASE\IVRML.OBJ
C:\Users\Usuario 1\Documents\Dropbox\ARPE_DEVEL\examples\simpleVRML\Release\link.command.1.tlog
C:\Users\Usuario 1\Documents\Dropbox\ARPE_DEVEL\examples\simpleVRML\Release\link.read.1.tlog
C:\Users\Usuario 1\Documents\Dropbox\ARPE_DEVEL\examples\simpleVRML\Release\link.write.1.tlog
C:\Users\Usuario 1\Documents\Dropbox\ARPE_DEVEL\examples\simpleVRML\Release\mt.command.1.tlog
C:\Users\Usuario 1\Documents\Dropbox\ARPE_DEVEL\examples\simpleVRML\Release\mt.read.1.tlog
C:\Users\Usuario 1\Documents\Dropbox\ARPE_DEVEL\examples\simpleVRML\Release\mt.write.1.tlog
C:\USERS\USUARIO 1\DOCUMENTS\DROPBOX\ARPE_DEVEL\EXAMPLES\SIMPLEVRML\RELEASE\QUEUESTATE.OBJ
C:\USERS\USUARIO 1\DOCUMENTS\DROPBOX\ARPE_DEVEL\EXAMPLES\SIMPLEVRML\RELEASE\RULES.OBJ
C:\USERS\USUARIO 1\DOCUMENTS\DROPBOX\ARPE_DEVEL\EXAMPLES\SIMPLEVRML\RELEASE\SERIAL.OBJ
C:\USERS\USUARIO 1\DOCUMENTS\DROPBOX\ARPE_DEVEL\EXAMPLES\SIMPLEVRML\RELEASE\SERIALCOMMAND.OBJ
C:\USERS\USUARIO 1\DOCUMENTS\DROPBOX\ARPE_DEVEL\EXAMPLES\SIMPLEVRML\RELEASE\SIMPLEVRML.EXE.INTERMEDIATE.MANIFEST
C:\USERS\USUARIO 1\DOCUMENTS\DROPBOX\ARPE_DEVEL\EXAMPLES\SIMPLEVRML\RELEASE\SIMPLEVRML.OBJ
C:\Users\Usuario 1\Documents\Dropbox\ARPE_DEVEL\examples\simpleVRML\Release\simpleVRML.write.1.tlog
C:\USERS\USUARIO 1\DOCUMENTS\DROPBOX\ARPE_DEVEL\EXAMPLES\SIMPLEVRML\RELEASE\STATE.OBJ
C:\USERS\USUARIO 1\DOCUMENTS\DROPBOX\ARPE_DEVEL\EXAMPLES\SIMPLEVRML\RELEASE\VC100.PDB
